  Client.cpp
  Please define _WIN32_WINNT or _WIN32_WINDOWS appropriately. For example:
  - add -D_WIN32_WINNT=0x0601 to the compiler command line; or
  - add _WIN32_WINNT=0x0601 to your project's Preprocessor Definitions.
  Assuming _WIN32_WINNT=0x0601 (i.e. Windows 7 target).
C:\Program Files\Microsoft Visual Studio\2022\Community\VC\Tools\MSVC\14.34.31933\include\xstring(2857,53): warning C4244: 'argument': conversion from 'wchar_t' to 'const _Elem', possible loss of data
          with
          [
              _Elem=char
          ]
C:\Program Files\Microsoft Visual Studio\2022\Community\VC\Tools\MSVC\14.34.31933\include\xstring(2718,1): message : see reference to function template instantiation 'void std::basic_string<char,std::char_traits<char>,std::allocator<char>>::_Construct_from_iter<wchar_t*,wchar_t*,_Size_type>(_Iter,const _Sent,_Size)' being compiled
          with
          [
              _Size_type=unsigned __int64,
              _Iter=wchar_t *,
              _Sent=wchar_t *,
              _Size=unsigned __int64
          ]
C:\Program Files\Microsoft Visual Studio\2022\Community\VC\Tools\MSVC\14.34.31933\include\xstring(2718,37): message : see reference to function template instantiation 'void std::basic_string<char,std::char_traits<char>,std::allocator<char>>::_Construct_from_iter<wchar_t*,wchar_t*,_Size_type>(_Iter,const _Sent,_Size)' being compiled
          with
          [
              _Size_type=unsigned __int64,
              _Iter=wchar_t *,
              _Sent=wchar_t *,
              _Size=unsigned __int64
          ]
C:\Development\ChatForm\Client\Client.cpp(102,1): message : see reference to function template instantiation 'std::basic_string<char,std::char_traits<char>,std::allocator<char>>::basic_string<std::_String_iterator<std::_String_val<std::_Simple_types<_Elem>>>,0>(_Iter,_Iter,const _Alloc &)' being compiled
          with
          [
              _Elem=wchar_t,
              _Iter=std::_String_iterator<std::_String_val<std::_Simple_types<wchar_t>>>,
              _Alloc=std::allocator<char>
          ]
C:\Development\ChatForm\Client\Client.cpp(102,24): message : see reference to function template instantiation 'std::basic_string<char,std::char_traits<char>,std::allocator<char>>::basic_string<std::_String_iterator<std::_String_val<std::_Simple_types<_Elem>>>,0>(_Iter,_Iter,const _Alloc &)' being compiled
          with
          [
              _Elem=wchar_t,
              _Iter=std::_String_iterator<std::_String_val<std::_Simple_types<wchar_t>>>,
              _Alloc=std::allocator<char>
          ]
  Client.vcxproj -> C:\Development\ChatForm\x64\Debug\Client.exe
